<?xml version="1.0" encoding="UTF-8"?>
<!-- Generated by org.testng.reporters.JUnitReportReporter -->
<testsuite hostname="LAPTOP-NQFDV1V0" failures="0" tests="4" name="TestNg.ReportGeneration" time="0.005" errors="0" timestamp="2023-04-18T17:47:57 IST" skipped="0">
  <testcase classname="TestNg.ReportGeneration" name="reportTest4" time="0.000"/>
  <system-out/>
  <testcase classname="TestNg.ReportGeneration" name="reportTest2" time="0.001"/>
  <system-out>
    <![CDATA[Test2]]>
  </system-out>
  <testcase classname="TestNg.ReportGeneration" name="reportTest1" time="0.004"/>
  <system-out/>
  <testcase classname="TestNg.ReportGeneration" name="reportTest3" time="0.000"/>
  <system-out/>
</testsuite> <!-- TestNg.ReportGeneration -->
